2026-01-31 10:24:36 INFO  Utils - [TestNG] Running:
  C:\Users\mukhy\AppData\Local\JetBrains\IntelliJIdea2023.3\temp-testng-customsuite.xml

2026-01-31 10:24:52 INFO  WebDriverManager - Using chromedriver 144.0.7559.109 (resolved driver for Chrome 144)
2026-01-31 10:24:52 INFO  WebDriverManager - Exporting webdriver.chrome.driver as C:\Users\mukhy\.cache\selenium\chromedriver\win64\144.0.7559.109\chromedriver.exe
2026-01-31 10:24:54 INFO  TestListener - START: TCLOGIN_001_validLogin
2026-01-31 10:24:54 INFO  LoginPage - Open SauceDemo login page
2026-01-31 10:24:59 INFO  LoginPage - Type username
2026-01-31 10:25:00 INFO  LoginPage - Type password
2026-01-31 10:25:02 INFO  LoginPage - Click login
2026-01-31 10:25:06 ERROR ScreenshotUtil - Error capturing screenshot for test: TCLOGIN_001_validLogin
java.nio.file.FileAlreadyExistsException: target\screenshots\TCLOGIN_001_validLogin.png
	at java.base/sun.nio.fs.WindowsFileCopy.copy(WindowsFileCopy.java:133)
	at java.base/sun.nio.fs.WindowsFileSystemProvider.copy(WindowsFileSystemProvider.java:282)
	at java.base/java.nio.file.Files.copy(Files.java:1304)
	at utils.ScreenshotUtil.capture(ScreenshotUtil.java:31)
	at tests.LoginTests.TCLOGIN_001_validLogin(LoginTests.java:37)
	at java.base/jdk.internal.reflect.DirectMethodHandleAccessor.invoke(DirectMethodHandleAccessor.java:103)
	at java.base/java.lang.reflect.Method.invoke(Method.java:580)
	at org.testng.internal.invokers.MethodInvocationHelper.invokeMethod(MethodInvocationHelper.java:141)
	at org.testng.internal.invokers.TestInvoker.invokeMethod(TestInvoker.java:687)
	at org.testng.internal.invokers.TestInvoker.invokeTestMethod(TestInvoker.java:230)
	at org.testng.internal.invokers.MethodRunner.runInSequence(MethodRunner.java:63)
	at org.testng.internal.invokers.TestInvoker$MethodInvocationAgent.invoke(TestInvoker.java:995)
	at org.testng.internal.invokers.TestInvoker.invokeTestMethods(TestInvoker.java:203)
	at org.testng.internal.invokers.TestMethodWorker.invokeTestMethods(TestMethodWorker.java:154)
	at org.testng.internal.invokers.TestMethodWorker.run(TestMethodWorker.java:134)
	at java.base/java.util.ArrayList.forEach(ArrayList.java:1596)
	at org.testng.TestRunner.privateRun(TestRunner.java:741)
	at org.testng.TestRunner.run(TestRunner.java:616)
	at org.testng.SuiteRunner.runTest(SuiteRunner.java:421)
	at org.testng.SuiteRunner.runSequentially(SuiteRunner.java:413)
	at org.testng.SuiteRunner.privateRun(SuiteRunner.java:373)
	at org.testng.SuiteRunner.run(SuiteRunner.java:312)
	at org.testng.SuiteRunnerWorker.runSuite(SuiteRunnerWorker.java:52)
	at org.testng.SuiteRunnerWorker.run(SuiteRunnerWorker.java:95)
	at org.testng.TestNG.runSuitesSequentially(TestNG.java:1274)
	at org.testng.TestNG.runSuitesLocally(TestNG.java:1208)
	at org.testng.TestNG.runSuites(TestNG.java:1112)
	at org.testng.TestNG.run(TestNG.java:1079)
	at com.intellij.rt.testng.IDEARemoteTestNG.run(IDEARemoteTestNG.java:65)
	at com.intellij.rt.testng.RemoteTestNGStarter.main(RemoteTestNGStarter.java:105)
2026-01-31 10:25:07 INFO  DashboardPage - Check if Products page is displayed
2026-01-31 10:25:12 INFO  TestListener - PASS: TCLOGIN_001_validLogin
2026-01-31 10:25:12 INFO  WebDriverManager - Using chromedriver 144.0.7559.109 (resolved driver for Chrome 144)
2026-01-31 10:25:12 INFO  WebDriverManager - Exporting webdriver.chrome.driver as C:\Users\mukhy\.cache\selenium\chromedriver\win64\144.0.7559.109\chromedriver.exe
2026-01-31 10:25:13 INFO  TestListener - START: TCLOGIN_002_invalidLogin
2026-01-31 10:25:13 INFO  LoginPage - Open SauceDemo login page
2026-01-31 10:25:17 INFO  LoginPage - Type username
2026-01-31 10:25:19 INFO  LoginPage - Type password
2026-01-31 10:25:20 INFO  LoginPage - Click login
2026-01-31 10:25:25 ERROR ScreenshotUtil - Error capturing screenshot for test: TCLOGIN_002_invalidLogin
java.nio.file.FileAlreadyExistsException: target\screenshots\TCLOGIN_002_invalidLogin.png
	at java.base/sun.nio.fs.WindowsFileCopy.copy(WindowsFileCopy.java:133)
	at java.base/sun.nio.fs.WindowsFileSystemProvider.copy(WindowsFileSystemProvider.java:282)
	at java.base/java.nio.file.Files.copy(Files.java:1304)
	at utils.ScreenshotUtil.capture(ScreenshotUtil.java:31)
	at tests.LoginTests.TCLOGIN_002_invalidLogin(LoginTests.java:77)
	at java.base/jdk.internal.reflect.DirectMethodHandleAccessor.invoke(DirectMethodHandleAccessor.java:103)
	at java.base/java.lang.reflect.Method.invoke(Method.java:580)
	at org.testng.internal.invokers.MethodInvocationHelper.invokeMethod(MethodInvocationHelper.java:141)
	at org.testng.internal.invokers.TestInvoker.invokeMethod(TestInvoker.java:687)
	at org.testng.internal.invokers.TestInvoker.invokeTestMethod(TestInvoker.java:230)
	at org.testng.internal.invokers.MethodRunner.runInSequence(MethodRunner.java:63)
	at org.testng.internal.invokers.TestInvoker$MethodInvocationAgent.invoke(TestInvoker.java:995)
	at org.testng.internal.invokers.TestInvoker.invokeTestMethods(TestInvoker.java:203)
	at org.testng.internal.invokers.TestMethodWorker.invokeTestMethods(TestMethodWorker.java:154)
	at org.testng.internal.invokers.TestMethodWorker.run(TestMethodWorker.java:134)
	at java.base/java.util.ArrayList.forEach(ArrayList.java:1596)
	at org.testng.TestRunner.privateRun(TestRunner.java:741)
	at org.testng.TestRunner.run(TestRunner.java:616)
	at org.testng.SuiteRunner.runTest(SuiteRunner.java:421)
	at org.testng.SuiteRunner.runSequentially(SuiteRunner.java:413)
	at org.testng.SuiteRunner.privateRun(SuiteRunner.java:373)
	at org.testng.SuiteRunner.run(SuiteRunner.java:312)
	at org.testng.SuiteRunnerWorker.runSuite(SuiteRunnerWorker.java:52)
	at org.testng.SuiteRunnerWorker.run(SuiteRunnerWorker.java:95)
	at org.testng.TestNG.runSuitesSequentially(TestNG.java:1274)
	at org.testng.TestNG.runSuitesLocally(TestNG.java:1208)
	at org.testng.TestNG.runSuites(TestNG.java:1112)
	at org.testng.TestNG.run(TestNG.java:1079)
	at com.intellij.rt.testng.IDEARemoteTestNG.run(IDEARemoteTestNG.java:65)
	at com.intellij.rt.testng.RemoteTestNGStarter.main(RemoteTestNGStarter.java:105)
2026-01-31 10:25:26 INFO  LoginPage - Check if error message is displayed
2026-01-31 10:25:29 INFO  TestListener - PASS: TCLOGIN_002_invalidLogin
2026-01-31 10:25:29 INFO  WebDriverManager - Using chromedriver 144.0.7559.109 (resolved driver for Chrome 144)
2026-01-31 10:25:29 INFO  WebDriverManager - Exporting webdriver.chrome.driver as C:\Users\mukhy\.cache\selenium\chromedriver\win64\144.0.7559.109\chromedriver.exe
2026-01-31 10:25:30 INFO  TestListener - START: TCLOGOUT_001_validLogout
2026-01-31 10:25:30 INFO  LoginPage - Open SauceDemo login page
2026-01-31 10:25:35 INFO  LoginPage - Type username
2026-01-31 10:25:36 INFO  LoginPage - Type password
2026-01-31 10:25:38 INFO  LoginPage - Click login
2026-01-31 10:25:43 INFO  DashboardPage - Check if Products page is displayed
2026-01-31 10:25:48 INFO  DashboardPage - Click on Logout button
2026-01-31 10:25:52 INFO  DashboardPage - Menu opened
2026-01-31 10:25:56 INFO  DashboardPage - Logout successful
2026-01-31 10:25:59 ERROR ScreenshotUtil - Error capturing screenshot for test: TCLOGOUT_001_validLogout
java.nio.file.FileAlreadyExistsException: target\screenshots\TCLOGOUT_001_validLogout.png
	at java.base/sun.nio.fs.WindowsFileCopy.copy(WindowsFileCopy.java:133)
	at java.base/sun.nio.fs.WindowsFileSystemProvider.copy(WindowsFileSystemProvider.java:282)
	at java.base/java.nio.file.Files.copy(Files.java:1304)
	at utils.ScreenshotUtil.capture(ScreenshotUtil.java:31)
	at tests.LoginTests.TCLOGOUT_001_validLogout(LoginTests.java:136)
	at java.base/jdk.internal.reflect.DirectMethodHandleAccessor.invoke(DirectMethodHandleAccessor.java:103)
	at java.base/java.lang.reflect.Method.invoke(Method.java:580)
	at org.testng.internal.invokers.MethodInvocationHelper.invokeMethod(MethodInvocationHelper.java:141)
	at org.testng.internal.invokers.TestInvoker.invokeMethod(TestInvoker.java:687)
	at org.testng.internal.invokers.TestInvoker.invokeTestMethod(TestInvoker.java:230)
	at org.testng.internal.invokers.MethodRunner.runInSequence(MethodRunner.java:63)
	at org.testng.internal.invokers.TestInvoker$MethodInvocationAgent.invoke(TestInvoker.java:995)
	at org.testng.internal.invokers.TestInvoker.invokeTestMethods(TestInvoker.java:203)
	at org.testng.internal.invokers.TestMethodWorker.invokeTestMethods(TestMethodWorker.java:154)
	at org.testng.internal.invokers.TestMethodWorker.run(TestMethodWorker.java:134)
	at java.base/java.util.ArrayList.forEach(ArrayList.java:1596)
	at org.testng.TestRunner.privateRun(TestRunner.java:741)
	at org.testng.TestRunner.run(TestRunner.java:616)
	at org.testng.SuiteRunner.runTest(SuiteRunner.java:421)
	at org.testng.SuiteRunner.runSequentially(SuiteRunner.java:413)
	at org.testng.SuiteRunner.privateRun(SuiteRunner.java:373)
	at org.testng.SuiteRunner.run(SuiteRunner.java:312)
	at org.testng.SuiteRunnerWorker.runSuite(SuiteRunnerWorker.java:52)
	at org.testng.SuiteRunnerWorker.run(SuiteRunnerWorker.java:95)
	at org.testng.TestNG.runSuitesSequentially(TestNG.java:1274)
	at org.testng.TestNG.runSuitesLocally(TestNG.java:1208)
	at org.testng.TestNG.runSuites(TestNG.java:1112)
	at org.testng.TestNG.run(TestNG.java:1079)
	at com.intellij.rt.testng.IDEARemoteTestNG.run(IDEARemoteTestNG.java:65)
	at com.intellij.rt.testng.RemoteTestNGStarter.main(RemoteTestNGStarter.java:105)
2026-01-31 10:26:00 INFO  LoginPage - Check if Login page is displayed
2026-01-31 10:26:02 INFO  TestListener - PASS: TCLOGOUT_001_validLogout
2026-01-31 10:26:02 INFO  TestListener - === TEST SUITE END: SQA ===
